#Software: Microsoft Internet Information Services 10.0
#Version: 1.0
#Date: 2018-04-21 19:46:55
#Fields: date time s-ip cs-method cs-uri-stem cs-uri-query s-port cs-username c-ip cs(User-Agent) cs(Referer) sc-status sc-substatus sc-win32-status time-taken
2018-04-21 19:46:55 ::1 GET /Default.aspx - 50426 - ::1 Mozilla/5.0+(Windows+NT+10.0;+Win64;+x64)+AppleWebKit/537.36+(KHTML,+like+Gecko)+Chrome/58.0.3029.110+Safari/537.36+Edge/16.16299 - 200 0 0 2775
#Software: Microsoft Internet Information Services 10.0
#Version: 1.0
#Date: 2018-04-21 20:39:04
#Fields: date time s-ip cs-method cs-uri-stem cs-uri-query s-port cs-username c-ip cs(User-Agent) cs(Referer) sc-status sc-substatus sc-win32-status time-taken
2018-04-21 20:39:04 ::1 GET /Default.aspx - 50426 - ::1 Mozilla/5.0+(Windows+NT+10.0;+Win64;+x64)+AppleWebKit/537.36+(KHTML,+like+Gecko)+Chrome/58.0.3029.110+Safari/537.36+Edge/16.16299 - 200 0 0 1705
#Software: Microsoft Internet Information Services 10.0
#Version: 1.0
#Date: 2018-04-21 22:33:25
#Fields: date time s-ip cs-method cs-uri-stem cs-uri-query s-port cs-username c-ip cs(User-Agent) cs(Referer) sc-status sc-substatus sc-win32-status time-taken
2018-04-21 22:33:25 ::1 POST /Default.aspx - 50426 - ::1 Mozilla/5.0+(Windows+NT+10.0;+Win64;+x64)+AppleWebKit/537.36+(KHTML,+like+Gecko)+Chrome/58.0.3029.110+Safari/537.36+Edge/16.16299 http://localhost:50426/Default.aspx 200 0 0 3176
2018-04-21 22:33:41 ::1 POST /Default.aspx - 50426 - ::1 Mozilla/5.0+(Windows+NT+10.0;+Win64;+x64)+AppleWebKit/537.36+(KHTML,+like+Gecko)+Chrome/58.0.3029.110+Safari/537.36+Edge/16.16299 http://localhost:50426/Default.aspx 200 0 0 21
2018-04-21 22:35:31 ::1 POST /Default.aspx - 50426 - ::1 Mozilla/5.0+(Windows+NT+10.0;+Win64;+x64)+AppleWebKit/537.36+(KHTML,+like+Gecko)+Chrome/58.0.3029.110+Safari/537.36+Edge/16.16299 http://localhost:50426/Default.aspx 200 0 0 309
2018-04-21 22:38:24 ::1 POST /Default.aspx - 50426 - ::1 Mozilla/5.0+(Windows+NT+10.0;+Win64;+x64)+AppleWebKit/537.36+(KHTML,+like+Gecko)+Chrome/58.0.3029.110+Safari/537.36+Edge/16.16299 http://localhost:50426/Default.aspx 200 0 0 6
2018-04-21 22:38:28 ::1 POST /Default.aspx - 50426 - ::1 Mozilla/5.0+(Windows+NT+10.0;+Win64;+x64)+AppleWebKit/537.36+(KHTML,+like+Gecko)+Chrome/58.0.3029.110+Safari/537.36+Edge/16.16299 http://localhost:50426/Default.aspx 200 0 0 9
2018-04-21 22:38:41 ::1 POST /Default.aspx - 50426 - ::1 Mozilla/5.0+(Windows+NT+10.0;+Win64;+x64)+AppleWebKit/537.36+(KHTML,+like+Gecko)+Chrome/58.0.3029.110+Safari/537.36+Edge/16.16299 http://localhost:50426/Default.aspx 200 0 0 215
2018-04-21 22:38:44 ::1 POST /Default.aspx - 50426 - ::1 Mozilla/5.0+(Windows+NT+10.0;+Win64;+x64)+AppleWebKit/537.36+(KHTML,+like+Gecko)+Chrome/58.0.3029.110+Safari/537.36+Edge/16.16299 http://localhost:50426/Default.aspx 200 0 0 2
2018-04-21 22:39:29 ::1 POST /Default.aspx - 50426 - ::1 Mozilla/5.0+(Windows+NT+10.0;+Win64;+x64)+AppleWebKit/537.36+(KHTML,+like+Gecko)+Chrome/58.0.3029.110+Safari/537.36+Edge/16.16299 http://localhost:50426/Default.aspx 200 0 0 200
